  1: 1.577
  2: 3.283
  3: 2.759
  4: 2.861
  5: 2.719
  6: 4.154
  7: 2.555
  8: 3.529
  9: 2.095
  o: 2.636
  z: 3.929
Reference: 1, Hyp: 1, Correct: 1
  1: 2.878
  2: 1.937
  3: 2.878
  4: 3.350
  5: 3.519
  6: 3.349
  7: 2.641
  8: 2.935
  9: 3.404
  o: 3.058
  z: 3.347
Reference: 2, Hyp: 2, Correct: 1
  1: 2.464
  2: 2.674
  3: 1.811
  4: 3.205
  5: 2.797
  6: 3.801
  7: 2.597
  8: 3.198
  9: 2.527
  o: 2.957
  z: 4.064
Reference: 3, Hyp: 3, Correct: 1
  1: 2.570
  2: 2.829
  3: 3.460
  4: 2.031
  5: 3.173
  6: 4.003
  7: 3.262
  8: 4.021
  9: 3.509
  o: 2.680
  z: 3.267
Reference: 4, Hyp: 4, Correct: 1
  1: 3.115
  2: 3.462
  3: 3.456
  4: 3.602
  5: 1.828
  6: 3.439
  7: 3.197
  8: 3.506
  9: 3.015
  o: 3.490
  z: 4.070
Reference: 5, Hyp: 5, Correct: 1
  1: 4.185
  2: 3.431
  3: 4.080
  4: 4.205
  5: 3.732
  6: 1.662
  7: 3.425
  8: 3.327
  9: 4.627
  o: 4.249
  z: 4.390
Reference: 6, Hyp: 6, Correct: 1
  1: 2.692
  2: 2.469
  3: 3.051
  4: 3.200
  5: 2.760
  6: 3.155
  7: 1.553
  8: 3.635
  9: 2.883
  o: 3.404
  z: 2.638
Reference: 7, Hyp: 7, Correct: 1
  1: 3.132
  2: 2.634
  3: 2.889
  4: 3.699
  5: 3.062
  6: 3.143
  7: 2.997
  8: 1.622
  9: 3.045
  o: 3.345
  z: 3.606
Reference: 8, Hyp: 8, Correct: 1
  1: 2.307
  2: 3.181
  3: 2.754
  4: 3.366
  5: 2.460
  6: 4.191
  7: 2.502
  8: 3.328
  9: 1.513
  o: 3.013
  z: 3.666
Reference: 9, Hyp: 9, Correct: 1
  1: 2.272
  2: 2.598
  3: 2.895
  4: 2.218
  5: 2.728
  6: 3.813
  7: 2.704
  8: 3.459
  9: 2.611
  o: 1.814
  z: 3.024
Reference: o, Hyp: o, Correct: 1
  1: 2.674
  2: 2.699
  3: 2.786
  4: 3.102
  5: 3.117
  6: 4.015
  7: 2.821
  8: 3.889
  9: 2.713
  o: 2.840
  z: 2.050
Reference: z, Hyp: z, Correct: 1
Accuracy: 100.00% (11/11), Error rate: 0.00% (0/11)
