Processing utterance ID: es:1
  Output: ~SIL NINE ~SIL
Processing utterance ID: es:2
  Output: ~SIL TWO ~SIL
Processing utterance ID: es:3
  Output: ~SIL NINE ~SIL
Processing utterance ID: es:4
  Output: ~SIL FOUR ~SIL
Processing utterance ID: es:5
  Output: ~SIL FIVE ~SIL
Processing utterance ID: es:6
  Output: ~SIL TWO ~SIL
Processing utterance ID: es:7
  Output: ~SIL FIVE ~SIL
Processing utterance ID: es:8
  Output: ~SIL EIGHT ~SIL
Processing utterance ID: es:9
  Output: ~SIL NINE ~SIL
Processing utterance ID: es:o
  Output: ~SIL TWO ~SIL
-1.749160 logprob/frame (956 frames).
0.01 xRT (61.7% front end; 37.0% GMM; 0.0% search)
