Processing utterance ID: rn:7a
Processing utterance ID: jr:1b
Processing utterance ID: cf:3a
Processing utterance ID: fc:oa
Processing utterance ID: jt:1a
Processing utterance ID: nw:za
Processing utterance ID: fd:5a
Processing utterance ID: jt:7a
Processing utterance ID: fc:6a
Processing utterance ID: ni:ob
Processing utterance ID: ag:4a
Processing utterance ID: hl:6b
Processing utterance ID: if:3b
Processing utterance ID: kk:9b
Processing utterance ID: ld:4b
Processing utterance ID: dn:2a
Processing utterance ID: ls:9b
Processing utterance ID: ei:8a
Processing utterance ID: ld:za
Processing utterance ID: jp:5a
Processing utterance ID: gj:8a
Processing utterance ID: ld:2b
Iteration 1: -23.944801 logprob/frame (2226 frames)
Processing utterance ID: rn:7a
Processing utterance ID: jr:1b
Processing utterance ID: cf:3a
Processing utterance ID: fc:oa
Processing utterance ID: jt:1a
Processing utterance ID: nw:za
Processing utterance ID: fd:5a
Processing utterance ID: jt:7a
Processing utterance ID: fc:6a
Processing utterance ID: ni:ob
Processing utterance ID: ag:4a
Processing utterance ID: hl:6b
Processing utterance ID: if:3b
Processing utterance ID: kk:9b
Processing utterance ID: ld:4b
Processing utterance ID: dn:2a
Processing utterance ID: ls:9b
Processing utterance ID: ei:8a
Processing utterance ID: ld:za
Processing utterance ID: jp:5a
Processing utterance ID: gj:8a
Processing utterance ID: ld:2b
Iteration 2: -11.413061 logprob/frame (2226 frames)
Processing utterance ID: rn:7a
Processing utterance ID: jr:1b
Processing utterance ID: cf:3a
Processing utterance ID: fc:oa
Processing utterance ID: jt:1a
Processing utterance ID: nw:za
Processing utterance ID: fd:5a
Processing utterance ID: jt:7a
Processing utterance ID: fc:6a
Processing utterance ID: ni:ob
Processing utterance ID: ag:4a
Processing utterance ID: hl:6b
Processing utterance ID: if:3b
Processing utterance ID: kk:9b
Processing utterance ID: ld:4b
Processing utterance ID: dn:2a
Processing utterance ID: ls:9b
Processing utterance ID: ei:8a
Processing utterance ID: ld:za
Processing utterance ID: jp:5a
Processing utterance ID: gj:8a
Processing utterance ID: ld:2b
Iteration 3: -8.333353 logprob/frame (2226 frames)
Processing utterance ID: rn:7a
Processing utterance ID: jr:1b
Processing utterance ID: cf:3a
Processing utterance ID: fc:oa
Processing utterance ID: jt:1a
Processing utterance ID: nw:za
Processing utterance ID: fd:5a
Processing utterance ID: jt:7a
Processing utterance ID: fc:6a
Processing utterance ID: ni:ob
Processing utterance ID: ag:4a
Processing utterance ID: hl:6b
Processing utterance ID: if:3b
Processing utterance ID: kk:9b
Processing utterance ID: ld:4b
Processing utterance ID: dn:2a
Processing utterance ID: ls:9b
Processing utterance ID: ei:8a
Processing utterance ID: ld:za
Processing utterance ID: jp:5a
Processing utterance ID: gj:8a
Processing utterance ID: ld:2b
Iteration 4: -7.483918 logprob/frame (2226 frames)
Processing utterance ID: rn:7a
Processing utterance ID: jr:1b
Processing utterance ID: cf:3a
Processing utterance ID: fc:oa
Processing utterance ID: jt:1a
Processing utterance ID: nw:za
Processing utterance ID: fd:5a
Processing utterance ID: jt:7a
Processing utterance ID: fc:6a
Processing utterance ID: ni:ob
Processing utterance ID: ag:4a
Processing utterance ID: hl:6b
Processing utterance ID: if:3b
Processing utterance ID: kk:9b
Processing utterance ID: ld:4b
Processing utterance ID: dn:2a
Processing utterance ID: ls:9b
Processing utterance ID: ei:8a
Processing utterance ID: ld:za
Processing utterance ID: jp:5a
Processing utterance ID: gj:8a
Processing utterance ID: ld:2b
Iteration 5: -7.308425 logprob/frame (2226 frames)
Processing utterance ID: rn:7a
Processing utterance ID: jr:1b
Processing utterance ID: cf:3a
Processing utterance ID: fc:oa
Processing utterance ID: jt:1a
Processing utterance ID: nw:za
Processing utterance ID: fd:5a
Processing utterance ID: jt:7a
Processing utterance ID: fc:6a
Processing utterance ID: ni:ob
Processing utterance ID: ag:4a
Processing utterance ID: hl:6b
Processing utterance ID: if:3b
Processing utterance ID: kk:9b
Processing utterance ID: ld:4b
Processing utterance ID: dn:2a
Processing utterance ID: ls:9b
Processing utterance ID: ei:8a
Processing utterance ID: ld:za
Processing utterance ID: jp:5a
Processing utterance ID: gj:8a
Processing utterance ID: ld:2b
Iteration 6: -7.254791 logprob/frame (2226 frames)
Processing utterance ID: rn:7a
Processing utterance ID: jr:1b
Processing utterance ID: cf:3a
Processing utterance ID: fc:oa
Processing utterance ID: jt:1a
Processing utterance ID: nw:za
Processing utterance ID: fd:5a
Processing utterance ID: jt:7a
Processing utterance ID: fc:6a
Processing utterance ID: ni:ob
Processing utterance ID: ag:4a
Processing utterance ID: hl:6b
Processing utterance ID: if:3b
Processing utterance ID: kk:9b
Processing utterance ID: ld:4b
Processing utterance ID: dn:2a
Processing utterance ID: ls:9b
Processing utterance ID: ei:8a
Processing utterance ID: ld:za
Processing utterance ID: jp:5a
Processing utterance ID: gj:8a
Processing utterance ID: ld:2b
Iteration 7: -7.216049 logprob/frame (2226 frames)
Processing utterance ID: rn:7a
Processing utterance ID: jr:1b
Processing utterance ID: cf:3a
Processing utterance ID: fc:oa
Processing utterance ID: jt:1a
Processing utterance ID: nw:za
Processing utterance ID: fd:5a
Processing utterance ID: jt:7a
Processing utterance ID: fc:6a
Processing utterance ID: ni:ob
Processing utterance ID: ag:4a
Processing utterance ID: hl:6b
Processing utterance ID: if:3b
Processing utterance ID: kk:9b
Processing utterance ID: ld:4b
Processing utterance ID: dn:2a
Processing utterance ID: ls:9b
Processing utterance ID: ei:8a
Processing utterance ID: ld:za
Processing utterance ID: jp:5a
Processing utterance ID: gj:8a
Processing utterance ID: ld:2b
Iteration 8: -7.183976 logprob/frame (2226 frames)
Processing utterance ID: rn:7a
Processing utterance ID: jr:1b
Processing utterance ID: cf:3a
Processing utterance ID: fc:oa
Processing utterance ID: jt:1a
Processing utterance ID: nw:za
Processing utterance ID: fd:5a
Processing utterance ID: jt:7a
Processing utterance ID: fc:6a
Processing utterance ID: ni:ob
Processing utterance ID: ag:4a
Processing utterance ID: hl:6b
Processing utterance ID: if:3b
Processing utterance ID: kk:9b
Processing utterance ID: ld:4b
Processing utterance ID: dn:2a
Processing utterance ID: ls:9b
Processing utterance ID: ei:8a
Processing utterance ID: ld:za
Processing utterance ID: jp:5a
Processing utterance ID: gj:8a
Processing utterance ID: ld:2b
Iteration 9: -7.174668 logprob/frame (2226 frames)
Processing utterance ID: rn:7a
Processing utterance ID: jr:1b
Processing utterance ID: cf:3a
Processing utterance ID: fc:oa
Processing utterance ID: jt:1a
Processing utterance ID: nw:za
Processing utterance ID: fd:5a
Processing utterance ID: jt:7a
Processing utterance ID: fc:6a
Processing utterance ID: ni:ob
Processing utterance ID: ag:4a
Processing utterance ID: hl:6b
Processing utterance ID: if:3b
Processing utterance ID: kk:9b
Processing utterance ID: ld:4b
Processing utterance ID: dn:2a
Processing utterance ID: ls:9b
Processing utterance ID: ei:8a
Processing utterance ID: ld:za
Processing utterance ID: jp:5a
Processing utterance ID: gj:8a
Processing utterance ID: ld:2b
Iteration 10: -7.170681 logprob/frame (2226 frames)
Processing utterance ID: rn:7a
Processing utterance ID: jr:1b
Processing utterance ID: cf:3a
Processing utterance ID: fc:oa
Processing utterance ID: jt:1a
Processing utterance ID: nw:za
Processing utterance ID: fd:5a
Processing utterance ID: jt:7a
Processing utterance ID: fc:6a
Processing utterance ID: ni:ob
Processing utterance ID: ag:4a
Processing utterance ID: hl:6b
Processing utterance ID: if:3b
Processing utterance ID: kk:9b
Processing utterance ID: ld:4b
Processing utterance ID: dn:2a
Processing utterance ID: ls:9b
Processing utterance ID: ei:8a
Processing utterance ID: ld:za
Processing utterance ID: jp:5a
Processing utterance ID: gj:8a
Processing utterance ID: ld:2b
Iteration 11: -7.167000 logprob/frame (2226 frames)
Processing utterance ID: rn:7a
Processing utterance ID: jr:1b
Processing utterance ID: cf:3a
Processing utterance ID: fc:oa
Processing utterance ID: jt:1a
Processing utterance ID: nw:za
Processing utterance ID: fd:5a
Processing utterance ID: jt:7a
Processing utterance ID: fc:6a
Processing utterance ID: ni:ob
Processing utterance ID: ag:4a
Processing utterance ID: hl:6b
Processing utterance ID: if:3b
Processing utterance ID: kk:9b
Processing utterance ID: ld:4b
Processing utterance ID: dn:2a
Processing utterance ID: ls:9b
Processing utterance ID: ei:8a
Processing utterance ID: ld:za
Processing utterance ID: jp:5a
Processing utterance ID: gj:8a
Processing utterance ID: ld:2b
Iteration 12: -7.165060 logprob/frame (2226 frames)
Processing utterance ID: rn:7a
Processing utterance ID: jr:1b
Processing utterance ID: cf:3a
Processing utterance ID: fc:oa
Processing utterance ID: jt:1a
Processing utterance ID: nw:za
Processing utterance ID: fd:5a
Processing utterance ID: jt:7a
Processing utterance ID: fc:6a
Processing utterance ID: ni:ob
Processing utterance ID: ag:4a
Processing utterance ID: hl:6b
Processing utterance ID: if:3b
Processing utterance ID: kk:9b
Processing utterance ID: ld:4b
Processing utterance ID: dn:2a
Processing utterance ID: ls:9b
Processing utterance ID: ei:8a
Processing utterance ID: ld:za
Processing utterance ID: jp:5a
Processing utterance ID: gj:8a
Processing utterance ID: ld:2b
Iteration 13: -7.164037 logprob/frame (2226 frames)
Processing utterance ID: rn:7a
Processing utterance ID: jr:1b
Processing utterance ID: cf:3a
Processing utterance ID: fc:oa
Processing utterance ID: jt:1a
Processing utterance ID: nw:za
Processing utterance ID: fd:5a
Processing utterance ID: jt:7a
Processing utterance ID: fc:6a
Processing utterance ID: ni:ob
Processing utterance ID: ag:4a
Processing utterance ID: hl:6b
Processing utterance ID: if:3b
Processing utterance ID: kk:9b
Processing utterance ID: ld:4b
Processing utterance ID: dn:2a
Processing utterance ID: ls:9b
Processing utterance ID: ei:8a
Processing utterance ID: ld:za
Processing utterance ID: jp:5a
Processing utterance ID: gj:8a
Processing utterance ID: ld:2b
Iteration 14: -7.163502 logprob/frame (2226 frames)
Processing utterance ID: rn:7a
Processing utterance ID: jr:1b
Processing utterance ID: cf:3a
Processing utterance ID: fc:oa
Processing utterance ID: jt:1a
Processing utterance ID: nw:za
Processing utterance ID: fd:5a
Processing utterance ID: jt:7a
Processing utterance ID: fc:6a
Processing utterance ID: ni:ob
Processing utterance ID: ag:4a
Processing utterance ID: hl:6b
Processing utterance ID: if:3b
Processing utterance ID: kk:9b
Processing utterance ID: ld:4b
Processing utterance ID: dn:2a
Processing utterance ID: ls:9b
Processing utterance ID: ei:8a
Processing utterance ID: ld:za
Processing utterance ID: jp:5a
Processing utterance ID: gj:8a
Processing utterance ID: ld:2b
Iteration 15: -7.162660 logprob/frame (2226 frames)
Processing utterance ID: rn:7a
Processing utterance ID: jr:1b
Processing utterance ID: cf:3a
Processing utterance ID: fc:oa
Processing utterance ID: jt:1a
Processing utterance ID: nw:za
Processing utterance ID: fd:5a
Processing utterance ID: jt:7a
Processing utterance ID: fc:6a
Processing utterance ID: ni:ob
Processing utterance ID: ag:4a
Processing utterance ID: hl:6b
Processing utterance ID: if:3b
Processing utterance ID: kk:9b
Processing utterance ID: ld:4b
Processing utterance ID: dn:2a
Processing utterance ID: ls:9b
Processing utterance ID: ei:8a
Processing utterance ID: ld:za
Processing utterance ID: jp:5a
Processing utterance ID: gj:8a
Processing utterance ID: ld:2b
Iteration 16: -7.161193 logprob/frame (2226 frames)
Processing utterance ID: rn:7a
Processing utterance ID: jr:1b
Processing utterance ID: cf:3a
Processing utterance ID: fc:oa
Processing utterance ID: jt:1a
Processing utterance ID: nw:za
Processing utterance ID: fd:5a
Processing utterance ID: jt:7a
Processing utterance ID: fc:6a
Processing utterance ID: ni:ob
Processing utterance ID: ag:4a
Processing utterance ID: hl:6b
Processing utterance ID: if:3b
Processing utterance ID: kk:9b
Processing utterance ID: ld:4b
Processing utterance ID: dn:2a
Processing utterance ID: ls:9b
Processing utterance ID: ei:8a
Processing utterance ID: ld:za
Processing utterance ID: jp:5a
Processing utterance ID: gj:8a
Processing utterance ID: ld:2b
Iteration 17: -7.158675 logprob/frame (2226 frames)
Processing utterance ID: rn:7a
Processing utterance ID: jr:1b
Processing utterance ID: cf:3a
Processing utterance ID: fc:oa
Processing utterance ID: jt:1a
Processing utterance ID: nw:za
Processing utterance ID: fd:5a
Processing utterance ID: jt:7a
Processing utterance ID: fc:6a
Processing utterance ID: ni:ob
Processing utterance ID: ag:4a
Processing utterance ID: hl:6b
Processing utterance ID: if:3b
Processing utterance ID: kk:9b
Processing utterance ID: ld:4b
Processing utterance ID: dn:2a
Processing utterance ID: ls:9b
Processing utterance ID: ei:8a
Processing utterance ID: ld:za
Processing utterance ID: jp:5a
Processing utterance ID: gj:8a
Processing utterance ID: ld:2b
Iteration 18: -7.156808 logprob/frame (2226 frames)
Processing utterance ID: rn:7a
Processing utterance ID: jr:1b
Processing utterance ID: cf:3a
Processing utterance ID: fc:oa
Processing utterance ID: jt:1a
Processing utterance ID: nw:za
Processing utterance ID: fd:5a
Processing utterance ID: jt:7a
Processing utterance ID: fc:6a
Processing utterance ID: ni:ob
Processing utterance ID: ag:4a
Processing utterance ID: hl:6b
Processing utterance ID: if:3b
Processing utterance ID: kk:9b
Processing utterance ID: ld:4b
Processing utterance ID: dn:2a
Processing utterance ID: ls:9b
Processing utterance ID: ei:8a
Processing utterance ID: ld:za
Processing utterance ID: jp:5a
Processing utterance ID: gj:8a
Processing utterance ID: ld:2b
Iteration 19: -7.156181 logprob/frame (2226 frames)
Processing utterance ID: rn:7a
Processing utterance ID: jr:1b
Processing utterance ID: cf:3a
Processing utterance ID: fc:oa
Processing utterance ID: jt:1a
Processing utterance ID: nw:za
Processing utterance ID: fd:5a
Processing utterance ID: jt:7a
Processing utterance ID: fc:6a
Processing utterance ID: ni:ob
Processing utterance ID: ag:4a
Processing utterance ID: hl:6b
Processing utterance ID: if:3b
Processing utterance ID: kk:9b
Processing utterance ID: ld:4b
Processing utterance ID: dn:2a
Processing utterance ID: ls:9b
Processing utterance ID: ei:8a
Processing utterance ID: ld:za
Processing utterance ID: jp:5a
Processing utterance ID: gj:8a
Processing utterance ID: ld:2b
Iteration 20: -7.154779 logprob/frame (2226 frames)
