Decoding ...
Processing utterance ID: es:1
  Output: ~SIL ONE ~SIL
Processing utterance ID: es:2
  Output: ~SIL THREE ~SIL
Processing utterance ID: es:3
  Output: ~SIL THREE ~SIL
Processing utterance ID: es:4
  Output: ~SIL FOUR ~SIL
Processing utterance ID: es:5
  Output: ~SIL NINE ~SIL
Processing utterance ID: es:6
  Output: ~SIL SIX ~SIL
Processing utterance ID: es:7
  Output: ~SIL SEVEN ~SIL
Processing utterance ID: es:8
  Output: ~SIL EIGHT ~SIL
Processing utterance ID: es:9
  Output: ~SIL NINE
Processing utterance ID: es:o
  Output: ~SIL OH ~SIL
Processing utterance ID: es:z
  Output: ~SIL ZERO ~SIL
Processing utterance ID: kc:1
  Output: ~SIL ONE ~SIL
Processing utterance ID: kc:2
  Output: ~SIL SEVEN
Processing utterance ID: kc:3
  Output: ~SIL THREE ~SIL
Processing utterance ID: kc:4
  Output: ~SIL FOUR ~SIL
Processing utterance ID: kc:5
  Output: ~SIL OH ~SIL
Processing utterance ID: kc:6
  Output: ~SIL OH ~SIL
Processing utterance ID: kc:7
  Output: SEVEN ~SIL
Processing utterance ID: kc:8
  Output: ~SIL EIGHT ~SIL
Processing utterance ID: kc:9
  Output: ~SIL ONE ~SIL
Processing utterance ID: kc:o
  Output: ~SIL OH ~SIL
Processing utterance ID: kc:z
  Output: ~SIL ZERO
Processing utterance ID: fl:1
  Output: ~SIL ONE ~SIL
Processing utterance ID: fl:2
  Output: ~SIL ONE ~SIL
Processing utterance ID: fl:3
  Output: ~SIL THREE ~SIL
Processing utterance ID: fl:4
  Output: ~SIL ONE
Processing utterance ID: fl:5
  Output: ~SIL ONE ~SIL
Processing utterance ID: fl:6
  Output: ~SIL SIX ~SIL
Processing utterance ID: fl:7
  Output: ~SIL SEVEN ~SIL
Processing utterance ID: fl:8
  Output: ~SIL THREE ~SIL
Processing utterance ID: fl:9
  Output: ~SIL ONE ~SIL
Processing utterance ID: fl:o
  Output: ~SIL OH ~SIL
Processing utterance ID: fl:z
  Output: ~SIL ZERO ~SIL
Processing utterance ID: aj:1
  Output: ~SIL ONE
Processing utterance ID: aj:2
  Output: ZERO ~SIL
Processing utterance ID: aj:3
  Output: ~SIL THREE ~SIL
Processing utterance ID: aj:4
  Output: FOUR ~SIL
Processing utterance ID: aj:5
  Output: ~SIL OH ~SIL
Processing utterance ID: aj:6
  Output: ~SIL SIX ~SIL
Processing utterance ID: aj:7
  Output: ~SIL SEVEN ~SIL
Processing utterance ID: aj:8
  Output: ~SIL THREE ~SIL
Processing utterance ID: aj:9
  Output: ~SIL ONE ~SIL
Processing utterance ID: aj:o
  Output: ~SIL OH ~SIL
Processing utterance ID: aj:z
  Output: ~SIL ZERO ~SIL
Processing utterance ID: an:1
  Output: ~SIL NINE ~SIL
Processing utterance ID: an:2
  Output: ~SIL ZERO ~SIL
Processing utterance ID: an:3
  Output: ~SIL THREE ~SIL
Processing utterance ID: an:4
  Output: ~SIL FOUR ~SIL
Processing utterance ID: an:5
  Output: ~SIL ONE ~SIL
Processing utterance ID: an:6
  Output: ~SIL SIX ~SIL
Processing utterance ID: an:7
  Output: ~SIL SEVEN ~SIL
Processing utterance ID: an:8
  Output: ~SIL EIGHT ~SIL
Processing utterance ID: an:9
  Output: ~SIL NINE ~SIL
Processing utterance ID: an:o
  Output: ~SIL OH ~SIL
Processing utterance ID: an:z
  Output: ~SIL ZERO ~SIL
Processing utterance ID: pi:1
  Output: ~SIL ONE ~SIL
Processing utterance ID: pi:2
  Output: ~SIL ZERO ~SIL
Processing utterance ID: pi:3
  Output: ~SIL THREE ~SIL
Processing utterance ID: pi:4
  Output: ~SIL OH ~SIL
Processing utterance ID: pi:5
  Output: ~SIL ONE ~SIL
Processing utterance ID: pi:6
  Output: ~SIL SIX ~SIL
Processing utterance ID: pi:7
  Output: ~SIL SEVEN ~SIL
Processing utterance ID: pi:8
  Output: ~SIL SIX ~SIL
Processing utterance ID: pi:9
  Output: ~SIL ONE ~SIL
Processing utterance ID: pi:o
  Output: ~SIL OH ~SIL
Processing utterance ID: pi:z
  Output: ~SIL ZERO ~SIL
Processing utterance ID: rr:1
  Output: ~SIL FOUR ~SIL
Processing utterance ID: rr:2
  Output: ~SIL SEVEN ~SIL
Processing utterance ID: rr:3
  Output: ~SIL THREE ~SIL
Processing utterance ID: rr:4
  Output: ~SIL FOUR ~SIL
Processing utterance ID: rr:5
  Output: ~SIL FIVE ~SIL
Processing utterance ID: rr:6
  Output: ~SIL SIX ~SIL
Processing utterance ID: rr:7
  Output: ~SIL SEVEN ~SIL
Processing utterance ID: rr:8
  Output: ~SIL THREE ~SIL
Processing utterance ID: rr:9
  Output: ~SIL NINE ~SIL
Processing utterance ID: rr:o
  Output: ~SIL OH ~SIL
Processing utterance ID: rr:z
  Output: ~SIL ZERO ~SIL
Processing utterance ID: mh:1
  Output: ~SIL ONE ~SIL
Processing utterance ID: mh:2
  Output: ~SIL ZERO ~SIL
Processing utterance ID: mh:3
  Output: ~SIL THREE ~SIL
Processing utterance ID: mh:4
  Output: ~SIL FOUR ~SIL
Processing utterance ID: mh:5
  Output: ~SIL ONE ~SIL
Processing utterance ID: mh:6
  Output: ~SIL SIX ~SIL
Processing utterance ID: mh:7
  Output: SEVEN ~SIL
Processing utterance ID: mh:8
  Output: ~SIL THREE ~SIL
Processing utterance ID: mh:9
  Output: ~SIL NINE ~SIL
Processing utterance ID: mh:o
  Output: ~SIL OH ~SIL
Processing utterance ID: mh:z
  Output: ~SIL ZERO ~SIL
Processing utterance ID: st:1
  Output: ~SIL ONE ~SIL
Processing utterance ID: st:2
  Output: ~SIL THREE ~SIL
Processing utterance ID: st:3
  Output: ~SIL THREE ~SIL
Processing utterance ID: st:4
  Output: ~SIL OH ~SIL
Processing utterance ID: st:5
  Output: ~SIL NINE ~SIL
Processing utterance ID: st:6
  Output: ~SIL SIX ~SIL
Processing utterance ID: st:7
  Output: ~SIL SEVEN
Processing utterance ID: st:8
  Output: ~SIL EIGHT ~SIL
Processing utterance ID: st:9
  Output: ~SIL NINE ~SIL
Processing utterance ID: st:o
  Output: ~SIL OH ~SIL
Processing utterance ID: st:z
  Output: ~SIL ZERO ~SIL
Processing utterance ID: pm:1
  Output: ~SIL ONE
-11.774093 logprob/frame (9392 frames).
Computing WER ...
Loading web/control file ...

Processing cell 1 (id es:1) ...
  1 ref words, 1 corr, 0 del, 0 ins, 0 sub
  (cum: 1 wds, 1 C, 0 D, 0 I, 0 S, 0.00% wer)

Processing cell 2 (id es:2) ...
  1 ref words, 0 corr, 0 del, 0 ins, 1 sub
  (cum: 2 wds, 1 C, 0 D, 0 I, 1 S, 50.00% wer)

Processing cell 3 (id es:3) ...
  1 ref words, 1 corr, 0 del, 0 ins, 0 sub
  (cum: 3 wds, 2 C, 0 D, 0 I, 1 S, 33.33% wer)

Processing cell 4 (id es:4) ...
  1 ref words, 1 corr, 0 del, 0 ins, 0 sub
  (cum: 4 wds, 3 C, 0 D, 0 I, 1 S, 25.00% wer)

Processing cell 5 (id es:5) ...
  1 ref words, 0 corr, 0 del, 0 ins, 1 sub
  (cum: 5 wds, 3 C, 0 D, 0 I, 2 S, 40.00% wer)

Processing cell 6 (id es:6) ...
  1 ref words, 1 corr, 0 del, 0 ins, 0 sub
  (cum: 6 wds, 4 C, 0 D, 0 I, 2 S, 33.33% wer)

Processing cell 7 (id es:7) ...
  1 ref words, 1 corr, 0 del, 0 ins, 0 sub
  (cum: 7 wds, 5 C, 0 D, 0 I, 2 S, 28.57% wer)

Processing cell 8 (id es:8) ...
  1 ref words, 1 corr, 0 del, 0 ins, 0 sub
  (cum: 8 wds, 6 C, 0 D, 0 I, 2 S, 25.00% wer)

Processing cell 9 (id es:9) ...
  1 ref words, 1 corr, 0 del, 0 ins, 0 sub
  (cum: 9 wds, 7 C, 0 D, 0 I, 2 S, 22.22% wer)

Processing cell 10 (id es:o) ...
  1 ref words, 1 corr, 0 del, 0 ins, 0 sub
  (cum: 10 wds, 8 C, 0 D, 0 I, 2 S, 20.00% wer)

Processing cell 11 (id es:z) ...
  1 ref words, 1 corr, 0 del, 0 ins, 0 sub
  (cum: 11 wds, 9 C, 0 D, 0 I, 2 S, 18.18% wer)

Processing cell 12 (id kc:1) ...
  1 ref words, 1 corr, 0 del, 0 ins, 0 sub
  (cum: 12 wds, 10 C, 0 D, 0 I, 2 S, 16.67% wer)

Processing cell 13 (id kc:2) ...
  1 ref words, 0 corr, 0 del, 0 ins, 1 sub
  (cum: 13 wds, 10 C, 0 D, 0 I, 3 S, 23.08% wer)

Processing cell 14 (id kc:3) ...
  1 ref words, 1 corr, 0 del, 0 ins, 0 sub
  (cum: 14 wds, 11 C, 0 D, 0 I, 3 S, 21.43% wer)

Processing cell 15 (id kc:4) ...
  1 ref words, 1 corr, 0 del, 0 ins, 0 sub
  (cum: 15 wds, 12 C, 0 D, 0 I, 3 S, 20.00% wer)

Processing cell 16 (id kc:5) ...
  1 ref words, 0 corr, 0 del, 0 ins, 1 sub
  (cum: 16 wds, 12 C, 0 D, 0 I, 4 S, 25.00% wer)

Processing cell 17 (id kc:6) ...
  1 ref words, 0 corr, 0 del, 0 ins, 1 sub
  (cum: 17 wds, 12 C, 0 D, 0 I, 5 S, 29.41% wer)

Processing cell 18 (id kc:7) ...
  1 ref words, 1 corr, 0 del, 0 ins, 0 sub
  (cum: 18 wds, 13 C, 0 D, 0 I, 5 S, 27.78% wer)

Processing cell 19 (id kc:8) ...
  1 ref words, 1 corr, 0 del, 0 ins, 0 sub
  (cum: 19 wds, 14 C, 0 D, 0 I, 5 S, 26.32% wer)

Processing cell 20 (id kc:9) ...
  1 ref words, 0 corr, 0 del, 0 ins, 1 sub
  (cum: 20 wds, 14 C, 0 D, 0 I, 6 S, 30.00% wer)

Processing cell 21 (id kc:o) ...
  1 ref words, 1 corr, 0 del, 0 ins, 0 sub
  (cum: 21 wds, 15 C, 0 D, 0 I, 6 S, 28.57% wer)

Processing cell 22 (id kc:z) ...
  1 ref words, 1 corr, 0 del, 0 ins, 0 sub
  (cum: 22 wds, 16 C, 0 D, 0 I, 6 S, 27.27% wer)

Processing cell 23 (id fl:1) ...
  1 ref words, 1 corr, 0 del, 0 ins, 0 sub
  (cum: 23 wds, 17 C, 0 D, 0 I, 6 S, 26.09% wer)

Processing cell 24 (id fl:2) ...
  1 ref words, 0 corr, 0 del, 0 ins, 1 sub
  (cum: 24 wds, 17 C, 0 D, 0 I, 7 S, 29.17% wer)

Processing cell 25 (id fl:3) ...
  1 ref words, 1 corr, 0 del, 0 ins, 0 sub
  (cum: 25 wds, 18 C, 0 D, 0 I, 7 S, 28.00% wer)

Processing cell 26 (id fl:4) ...
  1 ref words, 0 corr, 0 del, 0 ins, 1 sub
  (cum: 26 wds, 18 C, 0 D, 0 I, 8 S, 30.77% wer)

Processing cell 27 (id fl:5) ...
  1 ref words, 0 corr, 0 del, 0 ins, 1 sub
  (cum: 27 wds, 18 C, 0 D, 0 I, 9 S, 33.33% wer)

Processing cell 28 (id fl:6) ...
  1 ref words, 1 corr, 0 del, 0 ins, 0 sub
  (cum: 28 wds, 19 C, 0 D, 0 I, 9 S, 32.14% wer)

Processing cell 29 (id fl:7) ...
  1 ref words, 1 corr, 0 del, 0 ins, 0 sub
  (cum: 29 wds, 20 C, 0 D, 0 I, 9 S, 31.03% wer)

Processing cell 30 (id fl:8) ...
  1 ref words, 0 corr, 0 del, 0 ins, 1 sub
  (cum: 30 wds, 20 C, 0 D, 0 I, 10 S, 33.33% wer)

Processing cell 31 (id fl:9) ...
  1 ref words, 0 corr, 0 del, 0 ins, 1 sub
  (cum: 31 wds, 20 C, 0 D, 0 I, 11 S, 35.48% wer)

Processing cell 32 (id fl:o) ...
  1 ref words, 1 corr, 0 del, 0 ins, 0 sub
  (cum: 32 wds, 21 C, 0 D, 0 I, 11 S, 34.38% wer)

Processing cell 33 (id fl:z) ...
  1 ref words, 1 corr, 0 del, 0 ins, 0 sub
  (cum: 33 wds, 22 C, 0 D, 0 I, 11 S, 33.33% wer)

Processing cell 34 (id aj:1) ...
  1 ref words, 1 corr, 0 del, 0 ins, 0 sub
  (cum: 34 wds, 23 C, 0 D, 0 I, 11 S, 32.35% wer)

Processing cell 35 (id aj:2) ...
  1 ref words, 0 corr, 0 del, 0 ins, 1 sub
  (cum: 35 wds, 23 C, 0 D, 0 I, 12 S, 34.29% wer)

Processing cell 36 (id aj:3) ...
  1 ref words, 1 corr, 0 del, 0 ins, 0 sub
  (cum: 36 wds, 24 C, 0 D, 0 I, 12 S, 33.33% wer)

Processing cell 37 (id aj:4) ...
  1 ref words, 1 corr, 0 del, 0 ins, 0 sub
  (cum: 37 wds, 25 C, 0 D, 0 I, 12 S, 32.43% wer)

Processing cell 38 (id aj:5) ...
  1 ref words, 0 corr, 0 del, 0 ins, 1 sub
  (cum: 38 wds, 25 C, 0 D, 0 I, 13 S, 34.21% wer)

Processing cell 39 (id aj:6) ...
  1 ref words, 1 corr, 0 del, 0 ins, 0 sub
  (cum: 39 wds, 26 C, 0 D, 0 I, 13 S, 33.33% wer)

Processing cell 40 (id aj:7) ...
  1 ref words, 1 corr, 0 del, 0 ins, 0 sub
  (cum: 40 wds, 27 C, 0 D, 0 I, 13 S, 32.50% wer)

Processing cell 41 (id aj:8) ...
  1 ref words, 0 corr, 0 del, 0 ins, 1 sub
  (cum: 41 wds, 27 C, 0 D, 0 I, 14 S, 34.15% wer)

Processing cell 42 (id aj:9) ...
  1 ref words, 0 corr, 0 del, 0 ins, 1 sub
  (cum: 42 wds, 27 C, 0 D, 0 I, 15 S, 35.71% wer)

Processing cell 43 (id aj:o) ...
  1 ref words, 1 corr, 0 del, 0 ins, 0 sub
  (cum: 43 wds, 28 C, 0 D, 0 I, 15 S, 34.88% wer)

Processing cell 44 (id aj:z) ...
  1 ref words, 1 corr, 0 del, 0 ins, 0 sub
  (cum: 44 wds, 29 C, 0 D, 0 I, 15 S, 34.09% wer)

Processing cell 45 (id an:1) ...
  1 ref words, 0 corr, 0 del, 0 ins, 1 sub
  (cum: 45 wds, 29 C, 0 D, 0 I, 16 S, 35.56% wer)

Processing cell 46 (id an:2) ...
  1 ref words, 0 corr, 0 del, 0 ins, 1 sub
  (cum: 46 wds, 29 C, 0 D, 0 I, 17 S, 36.96% wer)

Processing cell 47 (id an:3) ...
  1 ref words, 1 corr, 0 del, 0 ins, 0 sub
  (cum: 47 wds, 30 C, 0 D, 0 I, 17 S, 36.17% wer)

Processing cell 48 (id an:4) ...
  1 ref words, 1 corr, 0 del, 0 ins, 0 sub
  (cum: 48 wds, 31 C, 0 D, 0 I, 17 S, 35.42% wer)

Processing cell 49 (id an:5) ...
  1 ref words, 0 corr, 0 del, 0 ins, 1 sub
  (cum: 49 wds, 31 C, 0 D, 0 I, 18 S, 36.73% wer)

Processing cell 50 (id an:6) ...
  1 ref words, 1 corr, 0 del, 0 ins, 0 sub
  (cum: 50 wds, 32 C, 0 D, 0 I, 18 S, 36.00% wer)

Processing cell 51 (id an:7) ...
  1 ref words, 1 corr, 0 del, 0 ins, 0 sub
  (cum: 51 wds, 33 C, 0 D, 0 I, 18 S, 35.29% wer)

Processing cell 52 (id an:8) ...
  1 ref words, 1 corr, 0 del, 0 ins, 0 sub
  (cum: 52 wds, 34 C, 0 D, 0 I, 18 S, 34.62% wer)

Processing cell 53 (id an:9) ...
  1 ref words, 1 corr, 0 del, 0 ins, 0 sub
  (cum: 53 wds, 35 C, 0 D, 0 I, 18 S, 33.96% wer)

Processing cell 54 (id an:o) ...
  1 ref words, 1 corr, 0 del, 0 ins, 0 sub
  (cum: 54 wds, 36 C, 0 D, 0 I, 18 S, 33.33% wer)

Processing cell 55 (id an:z) ...
  1 ref words, 1 corr, 0 del, 0 ins, 0 sub
  (cum: 55 wds, 37 C, 0 D, 0 I, 18 S, 32.73% wer)

Processing cell 56 (id pi:1) ...
  1 ref words, 1 corr, 0 del, 0 ins, 0 sub
  (cum: 56 wds, 38 C, 0 D, 0 I, 18 S, 32.14% wer)

Processing cell 57 (id pi:2) ...
  1 ref words, 0 corr, 0 del, 0 ins, 1 sub
  (cum: 57 wds, 38 C, 0 D, 0 I, 19 S, 33.33% wer)

Processing cell 58 (id pi:3) ...
  1 ref words, 1 corr, 0 del, 0 ins, 0 sub
  (cum: 58 wds, 39 C, 0 D, 0 I, 19 S, 32.76% wer)

Processing cell 59 (id pi:4) ...
  1 ref words, 0 corr, 0 del, 0 ins, 1 sub
  (cum: 59 wds, 39 C, 0 D, 0 I, 20 S, 33.90% wer)

Processing cell 60 (id pi:5) ...
  1 ref words, 0 corr, 0 del, 0 ins, 1 sub
  (cum: 60 wds, 39 C, 0 D, 0 I, 21 S, 35.00% wer)

Processing cell 61 (id pi:6) ...
  1 ref words, 1 corr, 0 del, 0 ins, 0 sub
  (cum: 61 wds, 40 C, 0 D, 0 I, 21 S, 34.43% wer)

Processing cell 62 (id pi:7) ...
  1 ref words, 1 corr, 0 del, 0 ins, 0 sub
  (cum: 62 wds, 41 C, 0 D, 0 I, 21 S, 33.87% wer)

Processing cell 63 (id pi:8) ...
  1 ref words, 0 corr, 0 del, 0 ins, 1 sub
  (cum: 63 wds, 41 C, 0 D, 0 I, 22 S, 34.92% wer)

Processing cell 64 (id pi:9) ...
  1 ref words, 0 corr, 0 del, 0 ins, 1 sub
  (cum: 64 wds, 41 C, 0 D, 0 I, 23 S, 35.94% wer)

Processing cell 65 (id pi:o) ...
  1 ref words, 1 corr, 0 del, 0 ins, 0 sub
  (cum: 65 wds, 42 C, 0 D, 0 I, 23 S, 35.38% wer)

Processing cell 66 (id pi:z) ...
  1 ref words, 1 corr, 0 del, 0 ins, 0 sub
  (cum: 66 wds, 43 C, 0 D, 0 I, 23 S, 34.85% wer)

Processing cell 67 (id rr:1) ...
  1 ref words, 0 corr, 0 del, 0 ins, 1 sub
  (cum: 67 wds, 43 C, 0 D, 0 I, 24 S, 35.82% wer)

Processing cell 68 (id rr:2) ...
  1 ref words, 0 corr, 0 del, 0 ins, 1 sub
  (cum: 68 wds, 43 C, 0 D, 0 I, 25 S, 36.76% wer)

Processing cell 69 (id rr:3) ...
  1 ref words, 1 corr, 0 del, 0 ins, 0 sub
  (cum: 69 wds, 44 C, 0 D, 0 I, 25 S, 36.23% wer)

Processing cell 70 (id rr:4) ...
  1 ref words, 1 corr, 0 del, 0 ins, 0 sub
  (cum: 70 wds, 45 C, 0 D, 0 I, 25 S, 35.71% wer)

Processing cell 71 (id rr:5) ...
  1 ref words, 1 corr, 0 del, 0 ins, 0 sub
  (cum: 71 wds, 46 C, 0 D, 0 I, 25 S, 35.21% wer)

Processing cell 72 (id rr:6) ...
  1 ref words, 1 corr, 0 del, 0 ins, 0 sub
  (cum: 72 wds, 47 C, 0 D, 0 I, 25 S, 34.72% wer)

Processing cell 73 (id rr:7) ...
  1 ref words, 1 corr, 0 del, 0 ins, 0 sub
  (cum: 73 wds, 48 C, 0 D, 0 I, 25 S, 34.25% wer)

Processing cell 74 (id rr:8) ...
  1 ref words, 0 corr, 0 del, 0 ins, 1 sub
  (cum: 74 wds, 48 C, 0 D, 0 I, 26 S, 35.14% wer)

Processing cell 75 (id rr:9) ...
  1 ref words, 1 corr, 0 del, 0 ins, 0 sub
  (cum: 75 wds, 49 C, 0 D, 0 I, 26 S, 34.67% wer)

Processing cell 76 (id rr:o) ...
  1 ref words, 1 corr, 0 del, 0 ins, 0 sub
  (cum: 76 wds, 50 C, 0 D, 0 I, 26 S, 34.21% wer)

Processing cell 77 (id rr:z) ...
  1 ref words, 1 corr, 0 del, 0 ins, 0 sub
  (cum: 77 wds, 51 C, 0 D, 0 I, 26 S, 33.77% wer)

Processing cell 78 (id mh:1) ...
  1 ref words, 1 corr, 0 del, 0 ins, 0 sub
  (cum: 78 wds, 52 C, 0 D, 0 I, 26 S, 33.33% wer)

Processing cell 79 (id mh:2) ...
  1 ref words, 0 corr, 0 del, 0 ins, 1 sub
  (cum: 79 wds, 52 C, 0 D, 0 I, 27 S, 34.18% wer)

Processing cell 80 (id mh:3) ...
  1 ref words, 1 corr, 0 del, 0 ins, 0 sub
  (cum: 80 wds, 53 C, 0 D, 0 I, 27 S, 33.75% wer)

Processing cell 81 (id mh:4) ...
  1 ref words, 1 corr, 0 del, 0 ins, 0 sub
  (cum: 81 wds, 54 C, 0 D, 0 I, 27 S, 33.33% wer)

Processing cell 82 (id mh:5) ...
  1 ref words, 0 corr, 0 del, 0 ins, 1 sub
  (cum: 82 wds, 54 C, 0 D, 0 I, 28 S, 34.15% wer)

Processing cell 83 (id mh:6) ...
  1 ref words, 1 corr, 0 del, 0 ins, 0 sub
  (cum: 83 wds, 55 C, 0 D, 0 I, 28 S, 33.73% wer)

Processing cell 84 (id mh:7) ...
  1 ref words, 1 corr, 0 del, 0 ins, 0 sub
  (cum: 84 wds, 56 C, 0 D, 0 I, 28 S, 33.33% wer)

Processing cell 85 (id mh:8) ...
  1 ref words, 0 corr, 0 del, 0 ins, 1 sub
  (cum: 85 wds, 56 C, 0 D, 0 I, 29 S, 34.12% wer)

Processing cell 86 (id mh:9) ...
  1 ref words, 1 corr, 0 del, 0 ins, 0 sub
  (cum: 86 wds, 57 C, 0 D, 0 I, 29 S, 33.72% wer)

Processing cell 87 (id mh:o) ...
  1 ref words, 1 corr, 0 del, 0 ins, 0 sub
  (cum: 87 wds, 58 C, 0 D, 0 I, 29 S, 33.33% wer)

Processing cell 88 (id mh:z) ...
  1 ref words, 1 corr, 0 del, 0 ins, 0 sub
  (cum: 88 wds, 59 C, 0 D, 0 I, 29 S, 32.95% wer)

Processing cell 89 (id st:1) ...
  1 ref words, 1 corr, 0 del, 0 ins, 0 sub
  (cum: 89 wds, 60 C, 0 D, 0 I, 29 S, 32.58% wer)

Processing cell 90 (id st:2) ...
  1 ref words, 0 corr, 0 del, 0 ins, 1 sub
  (cum: 90 wds, 60 C, 0 D, 0 I, 30 S, 33.33% wer)

Processing cell 91 (id st:3) ...
  1 ref words, 1 corr, 0 del, 0 ins, 0 sub
  (cum: 91 wds, 61 C, 0 D, 0 I, 30 S, 32.97% wer)

Processing cell 92 (id st:4) ...
  1 ref words, 0 corr, 0 del, 0 ins, 1 sub
  (cum: 92 wds, 61 C, 0 D, 0 I, 31 S, 33.70% wer)

Processing cell 93 (id st:5) ...
  1 ref words, 0 corr, 0 del, 0 ins, 1 sub
  (cum: 93 wds, 61 C, 0 D, 0 I, 32 S, 34.41% wer)

Processing cell 94 (id st:6) ...
  1 ref words, 1 corr, 0 del, 0 ins, 0 sub
  (cum: 94 wds, 62 C, 0 D, 0 I, 32 S, 34.04% wer)

Processing cell 95 (id st:7) ...
  1 ref words, 1 corr, 0 del, 0 ins, 0 sub
  (cum: 95 wds, 63 C, 0 D, 0 I, 32 S, 33.68% wer)

Processing cell 96 (id st:8) ...
  1 ref words, 1 corr, 0 del, 0 ins, 0 sub
  (cum: 96 wds, 64 C, 0 D, 0 I, 32 S, 33.33% wer)

Processing cell 97 (id st:9) ...
  1 ref words, 1 corr, 0 del, 0 ins, 0 sub
  (cum: 97 wds, 65 C, 0 D, 0 I, 32 S, 32.99% wer)

Processing cell 98 (id st:o) ...
  1 ref words, 1 corr, 0 del, 0 ins, 0 sub
  (cum: 98 wds, 66 C, 0 D, 0 I, 32 S, 32.65% wer)

Processing cell 99 (id st:z) ...
  1 ref words, 1 corr, 0 del, 0 ins, 0 sub
  (cum: 99 wds, 67 C, 0 D, 0 I, 32 S, 32.32% wer)

Processing cell 100 (id pm:1) ...
  1 ref words, 1 corr, 0 del, 0 ins, 0 sub
  (cum: 100 wds, 68 C, 0 D, 0 I, 32 S, 32.00% wer)

OK cell(s) 100/100

100 ref words.
68.00% corr (68/100 wds)
0.00% del (0/100 wds)
0.00% ins (0/100 wds)
32.00% sub (32/100 wds)
32.00% WER (32/100 wds)
Elapsed time: 0 sec
